Started GET "/" for ::1 at 2019-11-03 16:02:28 -0500
  [1m[35m (0.7ms)[0m  [1m[34mSELECT "schema_migrations"."version" FROM "schema_migrations" ORDER BY "schema_migrations"."version" ASC[0m
  
ActiveRecord::PendingMigrationError (

Migrations are pending. To resolve this issue, run:

        rails db:migrate RAILS_ENV=development

):
  
activerecord (6.0.0) lib/active_record/migration.rb:587:in `check_pending!'
activerecord (6.0.0) lib/active_record/migration.rb:564:in `call'
actionpack (6.0.0) lib/action_dispatch/middleware/callbacks.rb:27:in `block in call'
activesupport (6.0.0) lib/active_support/callbacks.rb:101:in `run_callbacks'
actionpack (6.0.0) lib/action_dispatch/middleware/callbacks.rb:26:in `call'
actionpack (6.0.0) lib/action_dispatch/middleware/executor.rb:14:in `call'
actionpack (6.0.0) lib/action_dispatch/middleware/actionable_exceptions.rb:17:in `call'
actionpack (6.0.0) lib/action_dispatch/middleware/debug_exceptions.rb:32:in `call'
web-console (4.0.1) lib/web_console/middleware.rb:132:in `call_app'
web-console (4.0.1) lib/web_console/middleware.rb:28:in `block in call'
web-console (4.0.1) lib/web_console/middleware.rb:17:in `catch'
web-console (4.0.1) lib/web_console/middleware.rb:17:in `call'
actionpack (6.0.0) lib/action_dispatch/middleware/show_exceptions.rb:33:in `call'
railties (6.0.0) lib/rails/rack/logger.rb:38:in `call_app'
railties (6.0.0) lib/rails/rack/logger.rb:26:in `block in call'
activesupport (6.0.0) lib/active_support/tagged_logging.rb:80:in `block in tagged'
activesupport (6.0.0) lib/active_support/tagged_logging.rb:28:in `tagged'
activesupport (6.0.0) lib/active_support/tagged_logging.rb:80:in `tagged'
railties (6.0.0) lib/rails/rack/logger.rb:26:in `call'
sprockets-rails (3.2.1) lib/sprockets/rails/quiet_assets.rb:13:in `call'
actionpack (6.0.0) lib/action_dispatch/middleware/remote_ip.rb:81:in `call'
actionpack (6.0.0) lib/action_dispatch/middleware/request_id.rb:27:in `call'
rack (2.0.7) lib/rack/method_override.rb:22:in `call'
rack (2.0.7) lib/rack/runtime.rb:22:in `call'
activesupport (6.0.0) lib/active_support/cache/strategy/local_cache_middleware.rb:29:in `call'
actionpack (6.0.0) lib/action_dispatch/middleware/executor.rb:14:in `call'
actionpack (6.0.0) lib/action_dispatch/middleware/static.rb:126:in `call'
rack (2.0.7) lib/rack/sendfile.rb:111:in `call'
actionpack (6.0.0) lib/action_dispatch/middleware/host_authorization.rb:83:in `call'
webpacker (4.0.7) lib/webpacker/dev_server_proxy.rb:29:in `perform_request'
rack-proxy (0.6.5) lib/rack/proxy.rb:57:in `call'
railties (6.0.0) lib/rails/engine.rb:526:in `call'
puma (3.12.1) lib/puma/configuration.rb:227:in `call'
puma (3.12.1) lib/puma/server.rb:660:in `handle_request'
puma (3.12.1) lib/puma/server.rb:474:in `process_client'
puma (3.12.1) lib/puma/server.rb:334:in `block in run'
puma (3.12.1) lib/puma/thread_pool.rb:135:in `block in spawn_thread'
  [1m[35m (0.2ms)[0m  [1m[34mSELECT pg_try_advisory_lock(1884331293652409385)[0m
  [1m[35m (0.7ms)[0m  [1m[34mSELECT "schema_migrations"."version" FROM "schema_migrations" ORDER BY "schema_migrations"."version" ASC[0m
Migrating to CreateCourses (20191103191915)
  [1m[35m (0.2ms)[0m  [1m[35mBEGIN[0m
  [1m[35m (6.3ms)[0m  [1m[35mCREATE TABLE "courses" ("id" bigserial primary key, "course_id" character varying, "name" character varying, "subject" text, "term" character varying, "course_code" character varying, "students" character varying, "notes" text, "links" character varying, "discussions" character varying, "groups" character varying, "created_at" timestamp(6) NOT NULL, "updated_at" timestamp(6) NOT NULL)[0m
  [1m[36mprimary::SchemaMigration Create (0.8ms)[0m  [1m[32mINSERT INTO "schema_migrations" ("version") VALUES ($1) RETURNING "version"[0m  [["version", "20191103191915"]]
  [1m[35m (0.6ms)[0m  [1m[35mCOMMIT[0m
  [1m[36mActiveRecord::InternalMetadata Load (1.4ms)[0m  [1m[34mSELECT "ar_internal_metadata".* FROM "ar_internal_metadata" WHERE "ar_internal_metadata"."key" = $1 LIMIT $2[0m  [["key", "environment"], ["LIMIT", 1]]
  [1m[35m (0.3ms)[0m  [1m[34mSELECT pg_advisory_unlock(1884331293652409385)[0m
  [1m[35m (0.5ms)[0m  [1m[34mSELECT "schema_migrations"."version" FROM "schema_migrations" ORDER BY "schema_migrations"."version" ASC[0m
  [1m[35m (0.3ms)[0m  [1m[34mSELECT pg_try_advisory_lock(1884331293652409385)[0m
  [1m[35m (0.8ms)[0m  [1m[34mSELECT "schema_migrations"."version" FROM "schema_migrations" ORDER BY "schema_migrations"."version" ASC[0m
  [1m[36mActiveRecord::InternalMetadata Load (0.4ms)[0m  [1m[34mSELECT "ar_internal_metadata".* FROM "ar_internal_metadata" WHERE "ar_internal_metadata"."key" = $1 LIMIT $2[0m  [["key", "environment"], ["LIMIT", 1]]
  [1m[35m (0.2ms)[0m  [1m[34mSELECT pg_advisory_unlock(1884331293652409385)[0m
  [1m[35m (0.4ms)[0m  [1m[34mSELECT "schema_migrations"."version" FROM "schema_migrations" ORDER BY "schema_migrations"."version" ASC[0m
Started GET "/" for ::1 at 2019-11-03 16:03:05 -0500
  [1m[35m (0.5ms)[0m  [1m[34mSELECT "schema_migrations"."version" FROM "schema_migrations" ORDER BY "schema_migrations"."version" ASC[0m
Processing by WelcomeController#index as HTML
  Rendering welcome/index.html.erb within layouts/application
  Rendered welcome/index.html.erb within layouts/application (Duration: 3.4ms | Allocations: 1042)
[Webpacker] Compiling…
Started GET "/" for ::1 at 2019-11-03 16:03:09 -0500
Processing by WelcomeController#index as HTML
  Rendering welcome/index.html.erb within layouts/application
  Rendered welcome/index.html.erb within layouts/application (Duration: 0.4ms | Allocations: 262)
[Webpacker] Compiling…
[Webpacker] Compiled all packs in /Users/haizhouxi/4thYearECE/ECE444/StudyBuddy/ECE444-StudyBuddy-Group3/StudyBuddy/public/packs
Completed 200 OK in 4705ms (Views: 4696.6ms | ActiveRecord: 0.0ms | Allocations: 1383711)


[Webpacker] Compiled all packs in /Users/haizhouxi/4thYearECE/ECE444/StudyBuddy/ECE444-StudyBuddy-Group3/StudyBuddy/public/packs
Completed 200 OK in 2163ms (Views: 2160.8ms | ActiveRecord: 0.0ms | Allocations: 15948)


Started GET "/buddies" for ::1 at 2019-11-03 16:03:14 -0500
Processing by BuddiesController#index as HTML
  Rendering buddies/index.html.erb within layouts/application
  [1m[36mBuddy Load (0.8ms)[0m  [1m[34mSELECT "buddies".* FROM "buddies"[0m
  ↳ app/views/buddies/index.html.erb:13
  Rendered buddies/index.html.erb within layouts/application (Duration: 7.8ms | Allocations: 1523)
Completed 200 OK in 26ms (Views: 17.1ms | ActiveRecord: 3.9ms | Allocations: 12457)


Started GET "/courses" for ::1 at 2019-11-03 16:03:16 -0500
Processing by CoursesController#index as HTML
  Rendering courses/index.html.erb within layouts/application
  [1m[36mCourse Load (1.3ms)[0m  [1m[34mSELECT "courses".* FROM "courses"[0m
  ↳ app/views/courses/index.html.erb:18
  Rendered courses/index.html.erb within layouts/application (Duration: 6.3ms | Allocations: 1764)
Completed 200 OK in 21ms (Views: 14.8ms | ActiveRecord: 2.5ms | Allocations: 12540)


Started GET "/groups" for ::1 at 2019-11-03 16:04:28 -0500
Processing by GroupsController#index as HTML
  Rendering groups/index.html.erb within layouts/application
  [1m[36mGroup Load (0.6ms)[0m  [1m[34mSELECT "groups".* FROM "groups"[0m
  ↳ app/views/groups/index.html.erb:13
  Rendered groups/index.html.erb within layouts/application (Duration: 4.5ms | Allocations: 1335)
Completed 200 OK in 20ms (Views: 14.9ms | ActiveRecord: 1.7ms | Allocations: 12114)


Started GET "/groups/new" for ::1 at 2019-11-03 16:04:38 -0500
Processing by GroupsController#new as HTML
  Rendering groups/new.html.erb within layouts/application
  Rendered groups/_form.html.erb (Duration: 18.2ms | Allocations: 5314)
  Rendered groups/new.html.erb within layouts/application (Duration: 19.6ms | Allocations: 5672)
Completed 200 OK in 68ms (Views: 55.6ms | ActiveRecord: 6.0ms | Allocations: 18759)


Started GET "/groups" for ::1 at 2019-11-03 16:04:39 -0500
Processing by GroupsController#index as HTML
  Rendering groups/index.html.erb within layouts/application
  [1m[36mGroup Load (2.3ms)[0m  [1m[34mSELECT "groups".* FROM "groups"[0m
  ↳ app/views/groups/index.html.erb:13
  Rendered groups/index.html.erb within layouts/application (Duration: 4.2ms | Allocations: 727)
Completed 200 OK in 20ms (Views: 17.3ms | ActiveRecord: 2.3ms | Allocations: 10669)


Started GET "/groups/new" for ::1 at 2019-11-03 16:04:40 -0500
Processing by GroupsController#new as HTML
  Rendering groups/new.html.erb within layouts/application
  Rendered groups/_form.html.erb (Duration: 1.9ms | Allocations: 703)
  Rendered groups/new.html.erb within layouts/application (Duration: 2.5ms | Allocations: 793)
Completed 200 OK in 21ms (Views: 20.6ms | ActiveRecord: 0.0ms | Allocations: 10738)


Started POST "/groups" for ::1 at 2019-11-03 16:04:46 -0500
Processing by GroupsController#create as HTML
  Parameters: {"authenticity_token"=>"TcYkvTRuUiteVKiFU/G5tio47Gqz7qIoB3lvXxP8lhmsVGb3k0f9nlkfjZe/bL1YTt9fEu1MNDTt/yo2L/q6Aw==", "group"=>{"name"=>"example", "text"=>"example text"}, "commit"=>"Create Group"}
  [1m[35m (0.2ms)[0m  [1m[35mBEGIN[0m
  ↳ app/controllers/groups_controller.rb:21:in `create'
  [1m[36mGroup Create (1.3ms)[0m  [1m[32mINSERT INTO "groups" ("name", "text", "created_at", "updated_at") VALUES ($1, $2, $3, $4) RETURNING "id"[0m  [["name", "example"], ["text", "example text"], ["created_at", "2019-11-03 21:04:46.120221"], ["updated_at", "2019-11-03 21:04:46.120221"]]
  ↳ app/controllers/groups_controller.rb:21:in `create'
  [1m[35m (0.5ms)[0m  [1m[35mCOMMIT[0m
  ↳ app/controllers/groups_controller.rb:21:in `create'
Redirected to http://localhost:3000/groups/1
Completed 302 Found in 8ms (ActiveRecord: 2.0ms | Allocations: 2846)


Started GET "/groups/1" for ::1 at 2019-11-03 16:04:46 -0500
Processing by GroupsController#show as HTML
  Parameters: {"id"=>"1"}
  [1m[36mGroup Load (0.3ms)[0m  [1m[34mSELECT "groups".* FROM "groups" WHERE "groups"."id" = $1 LIMIT $2[0m  [["id", 1], ["LIMIT", 1]]
  ↳ app/controllers/groups_controller.rb:11:in `show'
  Rendering groups/show.html.erb within layouts/application
  Rendered groups/show.html.erb within layouts/application (Duration: 0.9ms | Allocations: 242)
Completed 200 OK in 17ms (Views: 12.2ms | ActiveRecord: 0.6ms | Allocations: 11307)


Started GET "/groups" for ::1 at 2019-11-03 16:05:08 -0500
Processing by GroupsController#index as HTML
  Rendering groups/index.html.erb within layouts/application
  [1m[36mGroup Load (0.3ms)[0m  [1m[34mSELECT "groups".* FROM "groups"[0m
  ↳ app/views/groups/index.html.erb:13
  Rendered groups/index.html.erb within layouts/application (Duration: 2.3ms | Allocations: 870)
Completed 200 OK in 17ms (Views: 15.9ms | ActiveRecord: 0.3ms | Allocations: 11029)


Started GET "/groups/1" for ::1 at 2019-11-03 16:05:21 -0500
Processing by GroupsController#show as HTML
  Parameters: {"id"=>"1"}
  [1m[36mGroup Load (0.4ms)[0m  [1m[34mSELECT "groups".* FROM "groups" WHERE "groups"."id" = $1 LIMIT $2[0m  [["id", 1], ["LIMIT", 1]]
  ↳ app/controllers/groups_controller.rb:11:in `show'
  Rendering groups/show.html.erb within layouts/application
  Rendered groups/show.html.erb within layouts/application (Duration: 0.6ms | Allocations: 79)
Completed 200 OK in 20ms (Views: 16.7ms | ActiveRecord: 0.4ms | Allocations: 10560)


Started GET "/groups" for ::1 at 2019-11-03 16:05:35 -0500
Processing by GroupsController#index as HTML
  Rendering groups/index.html.erb within layouts/application
  [1m[36mGroup Load (5.5ms)[0m  [1m[34mSELECT "groups".* FROM "groups"[0m
  ↳ app/views/groups/index.html.erb:13
  Rendered groups/index.html.erb within layouts/application (Duration: 8.7ms | Allocations: 832)
Completed 200 OK in 32ms (Views: 26.0ms | ActiveRecord: 5.5ms | Allocations: 10773)


Started GET "/groups" for ::1 at 2019-11-03 16:06:27 -0500
Processing by GroupsController#index as HTML
  Rendering groups/index.html.erb within layouts/application
  [1m[36mGroup Load (0.6ms)[0m  [1m[34mSELECT "groups".* FROM "groups"[0m
  ↳ app/views/groups/index.html.erb:13
  Rendered groups/index.html.erb within layouts/application (Duration: 3.0ms | Allocations: 832)
Completed 200 OK in 24ms (Views: 22.0ms | ActiveRecord: 0.6ms | Allocations: 10771)


Started GET "/welcome/index" for ::1 at 2019-11-03 16:06:29 -0500
Processing by WelcomeController#index as HTML
  Rendering welcome/index.html.erb within layouts/application
  Rendered welcome/index.html.erb within layouts/application (Duration: 0.5ms | Allocations: 259)
Completed 200 OK in 19ms (Views: 17.7ms | ActiveRecord: 0.0ms | Allocations: 10190)


Started GET "/groups" for ::1 at 2019-11-03 16:06:30 -0500
Processing by GroupsController#index as HTML
  Rendering groups/index.html.erb within layouts/application
  [1m[36mGroup Load (0.5ms)[0m  [1m[34mSELECT "groups".* FROM "groups"[0m
  ↳ app/views/groups/index.html.erb:13
  Rendered groups/index.html.erb within layouts/application (Duration: 3.6ms | Allocations: 832)
Completed 200 OK in 21ms (Views: 19.3ms | ActiveRecord: 0.5ms | Allocations: 10773)


Started GET "/groups" for ::1 at 2019-11-03 16:09:17 -0500
Processing by GroupsController#index as HTML
  Rendering groups/index.html.erb within layouts/application
  [1m[36mGroup Load (0.3ms)[0m  [1m[34mSELECT "groups".* FROM "groups"[0m
  ↳ app/views/groups/index.html.erb:13
  Rendered groups/index.html.erb within layouts/application (Duration: 2.6ms | Allocations: 1095)
Completed 200 OK in 23ms (Views: 21.7ms | ActiveRecord: 0.3ms | Allocations: 11968)


Started GET "/groups/1" for ::1 at 2019-11-03 16:09:23 -0500
Processing by GroupsController#show as HTML
  Parameters: {"id"=>"1"}
  [1m[36mGroup Load (0.7ms)[0m  [1m[34mSELECT "groups".* FROM "groups" WHERE "groups"."id" = $1 LIMIT $2[0m  [["id", 1], ["LIMIT", 1]]
  ↳ app/controllers/groups_controller.rb:11:in `show'
  Rendering groups/show.html.erb within layouts/application
  Rendered groups/show.html.erb within layouts/application (Duration: 1.0ms | Allocations: 231)
Completed 200 OK in 18ms (Views: 14.1ms | ActiveRecord: 0.7ms | Allocations: 10846)


Started GET "/groups/1" for ::1 at 2019-11-03 16:09:41 -0500
Processing by GroupsController#show as HTML
  Parameters: {"id"=>"1"}
  [1m[36mGroup Load (0.3ms)[0m  [1m[34mSELECT "groups".* FROM "groups" WHERE "groups"."id" = $1 LIMIT $2[0m  [["id", 1], ["LIMIT", 1]]
  ↳ app/controllers/groups_controller.rb:11:in `show'
  Rendering groups/show.html.erb within layouts/application
  Rendered groups/show.html.erb within layouts/application (Duration: 0.8ms | Allocations: 232)
Completed 200 OK in 16ms (Views: 13.0ms | ActiveRecord: 0.3ms | Allocations: 11636)


Started GET "/groups" for ::1 at 2019-11-03 18:18:37 -0500
  [1m[35m (2.8ms)[0m  [1m[34mSELECT "schema_migrations"."version" FROM "schema_migrations" ORDER BY "schema_migrations"."version" ASC[0m
  
ActiveRecord::PendingMigrationError (

Migrations are pending. To resolve this issue, run:

        rails db:migrate RAILS_ENV=development

):
  
activerecord (6.0.0) lib/active_record/migration.rb:587:in `check_pending!'
activerecord (6.0.0) lib/active_record/migration.rb:564:in `call'
actionpack (6.0.0) lib/action_dispatch/middleware/callbacks.rb:27:in `block in call'
activesupport (6.0.0) lib/active_support/callbacks.rb:101:in `run_callbacks'
actionpack (6.0.0) lib/action_dispatch/middleware/callbacks.rb:26:in `call'
actionpack (6.0.0) lib/action_dispatch/middleware/executor.rb:14:in `call'
actionpack (6.0.0) lib/action_dispatch/middleware/actionable_exceptions.rb:17:in `call'
actionpack (6.0.0) lib/action_dispatch/middleware/debug_exceptions.rb:32:in `call'
web-console (4.0.1) lib/web_console/middleware.rb:132:in `call_app'
web-console (4.0.1) lib/web_console/middleware.rb:28:in `block in call'
web-console (4.0.1) lib/web_console/middleware.rb:17:in `catch'
web-console (4.0.1) lib/web_console/middleware.rb:17:in `call'
actionpack (6.0.0) lib/action_dispatch/middleware/show_exceptions.rb:33:in `call'
railties (6.0.0) lib/rails/rack/logger.rb:38:in `call_app'
railties (6.0.0) lib/rails/rack/logger.rb:26:in `block in call'
activesupport (6.0.0) lib/active_support/tagged_logging.rb:80:in `block in tagged'
activesupport (6.0.0) lib/active_support/tagged_logging.rb:28:in `tagged'
activesupport (6.0.0) lib/active_support/tagged_logging.rb:80:in `tagged'
railties (6.0.0) lib/rails/rack/logger.rb:26:in `call'
sprockets-rails (3.2.1) lib/sprockets/rails/quiet_assets.rb:13:in `call'
actionpack (6.0.0) lib/action_dispatch/middleware/remote_ip.rb:81:in `call'
actionpack (6.0.0) lib/action_dispatch/middleware/request_id.rb:27:in `call'
rack (2.0.7) lib/rack/method_override.rb:22:in `call'
rack (2.0.7) lib/rack/runtime.rb:22:in `call'
activesupport (6.0.0) lib/active_support/cache/strategy/local_cache_middleware.rb:29:in `call'
actionpack (6.0.0) lib/action_dispatch/middleware/executor.rb:14:in `call'
actionpack (6.0.0) lib/action_dispatch/middleware/static.rb:126:in `call'
rack (2.0.7) lib/rack/sendfile.rb:111:in `call'
actionpack (6.0.0) lib/action_dispatch/middleware/host_authorization.rb:83:in `call'
webpacker (4.0.7) lib/webpacker/dev_server_proxy.rb:29:in `perform_request'
rack-proxy (0.6.5) lib/rack/proxy.rb:57:in `call'
railties (6.0.0) lib/rails/engine.rb:526:in `call'
puma (3.12.1) lib/puma/configuration.rb:227:in `call'
puma (3.12.1) lib/puma/server.rb:660:in `handle_request'
puma (3.12.1) lib/puma/server.rb:474:in `process_client'
puma (3.12.1) lib/puma/server.rb:334:in `block in run'
puma (3.12.1) lib/puma/thread_pool.rb:135:in `block in spawn_thread'
Started GET "/" for ::1 at 2019-11-03 21:31:19 -0500
  [1m[35m (0.6ms)[0m  [1m[34mSELECT "schema_migrations"."version" FROM "schema_migrations" ORDER BY "schema_migrations"."version" ASC[0m
  
ActiveRecord::PendingMigrationError (

Migrations are pending. To resolve this issue, run:

        rails db:migrate RAILS_ENV=development

):
  
activerecord (6.0.0) lib/active_record/migration.rb:587:in `check_pending!'
activerecord (6.0.0) lib/active_record/migration.rb:564:in `call'
actionpack (6.0.0) lib/action_dispatch/middleware/callbacks.rb:27:in `block in call'
activesupport (6.0.0) lib/active_support/callbacks.rb:101:in `run_callbacks'
actionpack (6.0.0) lib/action_dispatch/middleware/callbacks.rb:26:in `call'
actionpack (6.0.0) lib/action_dispatch/middleware/executor.rb:14:in `call'
actionpack (6.0.0) lib/action_dispatch/middleware/actionable_exceptions.rb:17:in `call'
actionpack (6.0.0) lib/action_dispatch/middleware/debug_exceptions.rb:32:in `call'
web-console (4.0.1) lib/web_console/middleware.rb:132:in `call_app'
web-console (4.0.1) lib/web_console/middleware.rb:28:in `block in call'
web-console (4.0.1) lib/web_console/middleware.rb:17:in `catch'
web-console (4.0.1) lib/web_console/middleware.rb:17:in `call'
actionpack (6.0.0) lib/action_dispatch/middleware/show_exceptions.rb:33:in `call'
railties (6.0.0) lib/rails/rack/logger.rb:38:in `call_app'
railties (6.0.0) lib/rails/rack/logger.rb:26:in `block in call'
activesupport (6.0.0) lib/active_support/tagged_logging.rb:80:in `block in tagged'
activesupport (6.0.0) lib/active_support/tagged_logging.rb:28:in `tagged'
activesupport (6.0.0) lib/active_support/tagged_logging.rb:80:in `tagged'
railties (6.0.0) lib/rails/rack/logger.rb:26:in `call'
sprockets-rails (3.2.1) lib/sprockets/rails/quiet_assets.rb:13:in `call'
actionpack (6.0.0) lib/action_dispatch/middleware/remote_ip.rb:81:in `call'
actionpack (6.0.0) lib/action_dispatch/middleware/request_id.rb:27:in `call'
rack (2.0.7) lib/rack/method_override.rb:22:in `call'
rack (2.0.7) lib/rack/runtime.rb:22:in `call'
activesupport (6.0.0) lib/active_support/cache/strategy/local_cache_middleware.rb:29:in `call'
actionpack (6.0.0) lib/action_dispatch/middleware/executor.rb:14:in `call'
actionpack (6.0.0) lib/action_dispatch/middleware/static.rb:126:in `call'
rack (2.0.7) lib/rack/sendfile.rb:111:in `call'
actionpack (6.0.0) lib/action_dispatch/middleware/host_authorization.rb:83:in `call'
webpacker (4.0.7) lib/webpacker/dev_server_proxy.rb:29:in `perform_request'
rack-proxy (0.6.5) lib/rack/proxy.rb:57:in `call'
railties (6.0.0) lib/rails/engine.rb:526:in `call'
puma (3.12.1) lib/puma/configuration.rb:227:in `call'
puma (3.12.1) lib/puma/server.rb:660:in `handle_request'
puma (3.12.1) lib/puma/server.rb:474:in `process_client'
puma (3.12.1) lib/puma/server.rb:334:in `block in run'
puma (3.12.1) lib/puma/thread_pool.rb:135:in `block in spawn_thread'
  [1m[35m (0.2ms)[0m  [1m[34mSELECT pg_try_advisory_lock(1884331293652409385)[0m
  [1m[35m (0.5ms)[0m  [1m[34mSELECT "schema_migrations"."version" FROM "schema_migrations" ORDER BY "schema_migrations"."version" ASC[0m
Migrating to CreateGroupAnnouncements (20191103211956)
  [1m[35m (0.1ms)[0m  [1m[35mBEGIN[0m
  [1m[35m (15.6ms)[0m  [1m[35mCREATE TABLE "group_announcements" ("id" bigserial primary key, "creator" character varying, "body" text, "group_id" bigint NOT NULL, "date" timestamp, "created_at" timestamp(6) NOT NULL, "updated_at" timestamp(6) NOT NULL, CONSTRAINT "fk_rails_504aa698d2"
FOREIGN KEY ("group_id")
  REFERENCES "groups" ("id")
)[0m
  [1m[35m (1.7ms)[0m  [1m[35mCREATE  INDEX  "index_group_announcements_on_group_id" ON "group_announcements"  ("group_id")[0m
  [1m[36mprimary::SchemaMigration Create (0.4ms)[0m  [1m[32mINSERT INTO "schema_migrations" ("version") VALUES ($1) RETURNING "version"[0m  [["version", "20191103211956"]]
  [1m[35m (4.0ms)[0m  [1m[35mCOMMIT[0m
Migrating to CreateGroupMeetings (20191103212142)
  [1m[35m (0.5ms)[0m  [1m[35mBEGIN[0m
  [1m[35m (2.8ms)[0m  [1m[35mCREATE TABLE "group_meetings" ("id" bigserial primary key, "group_id" bigint NOT NULL, "time" timestamp, "place" text, "description" text, "created_at" timestamp(6) NOT NULL, "updated_at" timestamp(6) NOT NULL, CONSTRAINT "fk_rails_9a4f378d6d"
FOREIGN KEY ("group_id")
  REFERENCES "groups" ("id")
)[0m
  [1m[35m (1.0ms)[0m  [1m[35mCREATE  INDEX  "index_group_meetings_on_group_id" ON "group_meetings"  ("group_id")[0m
  [1m[36mprimary::SchemaMigration Create (0.2ms)[0m  [1m[32mINSERT INTO "schema_migrations" ("version") VALUES ($1) RETURNING "version"[0m  [["version", "20191103212142"]]
  [1m[35m (0.5ms)[0m  [1m[35mCOMMIT[0m
Migrating to CreateLinks (20191103222241)
  [1m[35m (0.5ms)[0m  [1m[35mBEGIN[0m
  [1m[35m (5.2ms)[0m  [1m[35mCREATE TABLE "links" ("id" bigserial primary key, "user_id" bigint, "link_name" character varying, "link_url" character varying, "created_at" timestamp(6) NOT NULL, "updated_at" timestamp(6) NOT NULL)[0m
  [1m[35m (0.8ms)[0m  [1m[35mCREATE  INDEX  "index_links_on_user_id" ON "links"  ("user_id")[0m
  [1m[36mprimary::SchemaMigration Create (0.3ms)[0m  [1m[32mINSERT INTO "schema_migrations" ("version") VALUES ($1) RETURNING "version"[0m  [["version", "20191103222241"]]
  [1m[35m (0.8ms)[0m  [1m[35mCOMMIT[0m
  [1m[36mActiveRecord::InternalMetadata Load (1.4ms)[0m  [1m[34mSELECT "ar_internal_metadata".* FROM "ar_internal_metadata" WHERE "ar_internal_metadata"."key" = $1 LIMIT $2[0m  [["key", "environment"], ["LIMIT", 1]]
  [1m[35m (0.3ms)[0m  [1m[34mSELECT pg_advisory_unlock(1884331293652409385)[0m
  [1m[35m (0.7ms)[0m  [1m[34mSELECT "schema_migrations"."version" FROM "schema_migrations" ORDER BY "schema_migrations"."version" ASC[0m
Started GET "/" for ::1 at 2019-11-03 21:31:47 -0500
  [1m[35m (0.5ms)[0m  [1m[34mSELECT "schema_migrations"."version" FROM "schema_migrations" ORDER BY "schema_migrations"."version" ASC[0m
Processing by WelcomeController#index as HTML
  Rendering welcome/index.html.erb within layouts/application
  Rendered welcome/index.html.erb within layouts/application (Duration: 5.5ms | Allocations: 1397)
Completed 200 OK in 942ms (Views: 933.7ms | ActiveRecord: 0.0ms | Allocations: 1359347)


Started GET "/buddies" for ::1 at 2019-11-03 21:31:50 -0500
Processing by BuddiesController#index as HTML
  Rendering buddies/index.html.erb within layouts/application
  [1m[36mBuddy Load (1.0ms)[0m  [1m[34mSELECT "buddies".* FROM "buddies"[0m
  ↳ app/views/buddies/index.html.erb:14
  Rendered buddies/index.html.erb within layouts/application (Duration: 7.5ms | Allocations: 1623)
Completed 200 OK in 24ms (Views: 17.3ms | ActiveRecord: 4.0ms | Allocations: 14298)


Started GET "/groups" for ::1 at 2019-11-03 21:31:53 -0500
Processing by GroupsController#index as HTML
Completed 500 Internal Server Error in 3ms (ActiveRecord: 0.0ms | Allocations: 1148)


  
SyntaxError (/Users/haizhouxi/4thYearECE/ECE444/StudyBuddy/ECE444-StudyBuddy-Group3/StudyBuddy/app/models/group.rb:2: syntax error, unexpected ':', expecting end
  has_many: group_announcement
          ^
/Users/haizhouxi/4thYearECE/ECE444/StudyBuddy/ECE444-StudyBuddy-Group3/StudyBuddy/app/models/group.rb:3: syntax error, unexpected ':', expecting end
  has_many: group_meeting
          ^):
  
app/models/group.rb:2: syntax error, unexpected ':', expecting end
app/models/group.rb:3: syntax error, unexpected ':', expecting end
app/models/group.rb:2: syntax error, unexpected ':', expecting end
app/models/group.rb:3: syntax error, unexpected ':', expecting end
app/models/group.rb:2: syntax error, unexpected ':', expecting end
app/models/group.rb:3: syntax error, unexpected ':', expecting end
app/controllers/groups_controller.rb:3:in `index'
Started GET "/groups" for ::1 at 2019-11-03 21:32:23 -0500
Processing by GroupsController#index as HTML
Completed 500 Internal Server Error in 2ms (ActiveRecord: 0.0ms | Allocations: 1111)


  
SyntaxError (/Users/haizhouxi/4thYearECE/ECE444/StudyBuddy/ECE444-StudyBuddy-Group3/StudyBuddy/app/models/group.rb:2: syntax error, unexpected ':', expecting end
  has_many: group_announcement, group_me...
          ^
/Users/haizhouxi/4thYearECE/ECE444/StudyBuddy/ECE444-StudyBuddy-Group3/StudyBuddy/app/models/group.rb:2: syntax error, unexpected '\n', expecting '='):
  
app/models/group.rb:2: syntax error, unexpected ':', expecting end
app/models/group.rb:2: syntax error, unexpected '\n', expecting '='
app/models/group.rb:2: syntax error, unexpected ':', expecting end
app/models/group.rb:2: syntax error, unexpected '\n', expecting '='
app/models/group.rb:2: syntax error, unexpected ':', expecting end
app/models/group.rb:2: syntax error, unexpected '\n', expecting '='
app/controllers/groups_controller.rb:3:in `index'
Started GET "/groups" for ::1 at 2019-11-03 21:32:47 -0500
Processing by GroupsController#index as HTML
  Rendering groups/index.html.erb within layouts/application
  [1m[36mGroup Load (0.5ms)[0m  [1m[34mSELECT "groups".* FROM "groups"[0m
  ↳ app/views/groups/index.html.erb:13
  Rendered groups/index.html.erb within layouts/application (Duration: 10.1ms | Allocations: 5331)
Completed 200 OK in 37ms (Views: 28.3ms | ActiveRecord: 4.0ms | Allocations: 18118)


Started GET "/welcome/index" for ::1 at 2019-11-03 21:32:55 -0500
Processing by WelcomeController#index as HTML
  Rendering welcome/index.html.erb within layouts/application
  Rendered welcome/index.html.erb within layouts/application (Duration: 0.4ms | Allocations: 260)
Completed 200 OK in 14ms (Views: 13.2ms | ActiveRecord: 0.0ms | Allocations: 12041)


Started GET "/courses" for ::1 at 2019-11-03 21:32:56 -0500
Processing by CoursesController#index as HTML
  Rendering courses/index.html.erb within layouts/application
  [1m[36mCourse Load (0.6ms)[0m  [1m[34mSELECT "courses".* FROM "courses"[0m
  ↳ app/views/courses/index.html.erb:14
  Rendered courses/index.html.erb within layouts/application (Duration: 4.5ms | Allocations: 1789)
Completed 200 OK in 27ms (Views: 16.7ms | ActiveRecord: 1.8ms | Allocations: 15375)


Started GET "/welcome/index" for ::1 at 2019-11-03 21:32:57 -0500
Processing by WelcomeController#index as HTML
  Rendering welcome/index.html.erb within layouts/application
  Rendered welcome/index.html.erb within layouts/application (Duration: 0.4ms | Allocations: 259)
Completed 200 OK in 20ms (Views: 19.7ms | ActiveRecord: 0.0ms | Allocations: 11913)


Started GET "/welcome/index" for ::1 at 2019-11-03 21:35:00 -0500
  [1m[35m (0.4ms)[0m  [1m[34mSELECT "schema_migrations"."version" FROM "schema_migrations" ORDER BY "schema_migrations"."version" ASC[0m
Processing by WelcomeController#index as HTML
  Rendering welcome/index.html.erb within layouts/application
  Rendered welcome/index.html.erb within layouts/application (Duration: 4.5ms | Allocations: 1397)
Completed 200 OK in 985ms (Views: 977.8ms | ActiveRecord: 0.0ms | Allocations: 1349868)


Started GET "/welcome/index" for ::1 at 2019-11-03 21:35:02 -0500
Processing by WelcomeController#index as HTML
  Rendering welcome/index.html.erb within layouts/application
  Rendered welcome/index.html.erb within layouts/application (Duration: 0.6ms | Allocations: 262)
Completed 200 OK in 14ms (Views: 13.5ms | ActiveRecord: 0.0ms | Allocations: 11909)


Started GET "/courses" for ::1 at 2019-11-03 21:35:03 -0500
Processing by CoursesController#index as HTML
  Rendering courses/index.html.erb within layouts/application
  [1m[36mCourse Load (0.8ms)[0m  [1m[34mSELECT "courses".* FROM "courses"[0m
  ↳ app/views/courses/index.html.erb:14
  Rendered courses/index.html.erb within layouts/application (Duration: 6.4ms | Allocations: 1935)
Completed 200 OK in 26ms (Views: 16.6ms | ActiveRecord: 3.3ms | Allocations: 15410)


Started GET "/courses/new" for ::1 at 2019-11-03 21:35:04 -0500
Processing by CoursesController#new as HTML
  Rendering courses/new.html.erb within layouts/application
  Rendered courses/new.html.erb within layouts/application (Duration: 12.3ms | Allocations: 3386)
Completed 200 OK in 45ms (Views: 25.0ms | ActiveRecord: 4.0ms | Allocations: 22938)


